2025-06-02T23:13:04.356+05:30  INFO 23436 --- [LoanLeLe] [restartedMain] c.loanlelo.LoanLeLe.LoanLeLeApplication  : Starting LoanLeLeApplication using Java 23.0.1 with PID 23436 (D:\LoanLeLe\LoanLeLe\target\classes started by Anoop kumar in D:\LoanLeLe)
2025-06-02T23:13:04.356+05:30 DEBUG 23436 --- [LoanLeLe] [restartedMain] c.loanlelo.LoanLeLe.LoanLeLeApplication  : Running with Spring Boot v3.5.0, Spring v6.2.7
2025-06-02T23:13:04.356+05:30  INFO 23436 --- [LoanLeLe] [restartedMain] c.loanlelo.LoanLeLe.LoanLeLeApplication  : No active profile set, falling back to 1 default profile: "default"
2025-06-02T23:13:04.563+05:30  INFO 23436 --- [LoanLeLe] [restartedMain] .s.d.r.c.RepositoryConfigurationDelegate : Bootstrapping Spring Data JPA repositories in DEFAULT mode.
2025-06-02T23:13:04.602+05:30  INFO 23436 --- [LoanLeLe] [restartedMain] .s.d.r.c.RepositoryConfigurationDelegate : Finished Spring Data repository scanning in 37 ms. Found 7 JPA repository interfaces.
2025-06-02T23:13:04.674+05:30  INFO 23436 --- [LoanLeLe] [restartedMain] o.s.b.w.embedded.tomcat.TomcatWebServer  : Tomcat initialized with port 8080 (http)
2025-06-02T23:13:04.675+05:30  INFO 23436 --- [LoanLeLe] [restartedMain] o.apache.catalina.core.StandardService   : Starting service [Tomcat]
2025-06-02T23:13:04.675+05:30  INFO 23436 --- [LoanLeLe] [restartedMain] o.apache.catalina.core.StandardEngine    : Starting Servlet engine: [Apache Tomcat/10.1.41]
2025-06-02T23:13:04.691+05:30  INFO 23436 --- [LoanLeLe] [restartedMain] o.a.c.c.C.[Tomcat-1].[localhost].[/]     : Initializing Spring embedded WebApplicationContext
2025-06-02T23:13:04.692+05:30  INFO 23436 --- [LoanLeLe] [restartedMain] w.s.c.ServletWebServerApplicationContext : Root WebApplicationContext: initialization completed in 333 ms
2025-06-02T23:13:04.740+05:30  INFO 23436 --- [LoanLeLe] [restartedMain] o.hibernate.jpa.internal.util.LogHelper  : HHH000204: Processing PersistenceUnitInfo [name: default]
2025-06-02T23:13:04.742+05:30  INFO 23436 --- [LoanLeLe] [restartedMain] o.h.c.internal.RegionFactoryInitiator    : HHH000026: Second-level cache disabled
2025-06-02T23:13:04.756+05:30  INFO 23436 --- [LoanLeLe] [restartedMain] o.s.o.j.p.SpringPersistenceUnitInfo      : No LoadTimeWeaver setup: ignoring JPA class transformer
2025-06-02T23:13:04.758+05:30  INFO 23436 --- [LoanLeLe] [restartedMain] com.zaxxer.hikari.HikariDataSource       : HikariPool-9 - Starting...
2025-06-02T23:13:04.763+05:30  INFO 23436 --- [LoanLeLe] [restartedMain] com.zaxxer.hikari.pool.HikariPool        : HikariPool-9 - Added connection conn75: url=jdbc:h2:mem:loan_db user=SA
2025-06-02T23:13:04.765+05:30  INFO 23436 --- [LoanLeLe] [restartedMain] com.zaxxer.hikari.HikariDataSource       : HikariPool-9 - Start completed.
2025-06-02T23:13:04.766+05:30  WARN 23436 --- [LoanLeLe] [restartedMain] org.hibernate.orm.deprecation            : HHH90000025: H2Dialect does not need to be specified explicitly using 'hibernate.dialect' (remove the property setting and it will be selected by default)
2025-06-02T23:13:04.768+05:30  INFO 23436 --- [LoanLeLe] [restartedMain] org.hibernate.orm.connections.pooling    : HHH10001005: Database info:
	Database JDBC URL [Connecting through datasource 'HikariDataSource (HikariPool-9)']
	Database driver: undefined/unknown
	Database version: 2.3.232
	Autocommit mode: undefined/unknown
	Isolation level: undefined/unknown
	Minimum pool size: undefined/unknown
	Maximum pool size: undefined/unknown
2025-06-02T23:13:04.879+05:30  INFO 23436 --- [LoanLeLe] [restartedMain] o.h.e.t.j.p.i.JtaPlatformInitiator       : HHH000489: No JTA platform available (set 'hibernate.transaction.jta.platform' to enable JTA platform integration)
2025-06-02T23:13:04.887+05:30  INFO 23436 --- [LoanLeLe] [restartedMain] j.LocalContainerEntityManagerFactoryBean : Initialized JPA EntityManagerFactory for persistence unit 'default'
2025-06-02T23:13:05.026+05:30  WARN 23436 --- [LoanLeLe] [restartedMain] JpaBaseConfiguration$JpaWebConfiguration : spring.jpa.open-in-view is enabled by default. Therefore, database queries may be performed during view rendering. Explicitly configure spring.jpa.open-in-view to disable this warning
2025-06-02T23:13:05.152+05:30  INFO 23436 --- [LoanLeLe] [restartedMain] o.s.b.a.h2.H2ConsoleAutoConfiguration    : H2 console available at '/h2-console'. Database available at 'jdbc:h2:mem:loan_db'
2025-06-02T23:13:05.158+05:30  INFO 23436 --- [LoanLeLe] [restartedMain] o.s.b.d.a.OptionalLiveReloadServer       : LiveReload server is running on port 35729
2025-06-02T23:13:05.161+05:30  INFO 23436 --- [LoanLeLe] [restartedMain] o.s.b.a.e.web.EndpointLinksResolver      : Exposing 1 endpoint beneath base path '/actuator'
2025-06-02T23:13:05.194+05:30  INFO 23436 --- [LoanLeLe] [restartedMain] o.s.b.w.embedded.tomcat.TomcatWebServer  : Tomcat started on port 8080 (http) with context path '/'
2025-06-02T23:13:05.199+05:30  INFO 23436 --- [LoanLeLe] [restartedMain] c.loanlelo.LoanLeLe.LoanLeLeApplication  : Started LoanLeLeApplication in 0.915 seconds (process running for 1913.812)
2025-06-02T23:13:05.210+05:30  INFO 23436 --- [LoanLeLe] [restartedMain] .ConditionEvaluationDeltaLoggingListener : Condition evaluation delta:


==========================
CONDITION EVALUATION DELTA
==========================


Positive matches:
-----------------

   LogFileWebEndpointAutoConfiguration#logFileWebEndpoint matched:
      - Log File found logging.file.name logs/app.log (LogFileWebEndpointAutoConfiguration.LogFileCondition)
      - @ConditionalOnMissingBean (types: org.springframework.boot.actuate.logging.LogFileWebEndpoint; SearchStrategy: all) did not find any beans (OnBeanCondition)


Negative matches:
-----------------

    None


Exclusions:
-----------

    None


Unconditional classes:
----------------------

    None



2025-06-02T23:13:21.746+05:30  INFO 23436 --- [LoanLeLe] [http-nio-8080-exec-2] o.a.c.c.C.[Tomcat-1].[localhost].[/]     : Initializing Spring DispatcherServlet 'dispatcherServlet'
2025-06-02T23:13:21.747+05:30  INFO 23436 --- [LoanLeLe] [http-nio-8080-exec-2] o.s.web.servlet.DispatcherServlet        : Initializing Servlet 'dispatcherServlet'
2025-06-02T23:13:21.748+05:30  INFO 23436 --- [LoanLeLe] [http-nio-8080-exec-2] o.s.web.servlet.DispatcherServlet        : Completed initialization in 0 ms
2025-06-02T23:13:21.758+05:30  WARN 23436 --- [LoanLeLe] [http-nio-8080-exec-2] c.l.L.Exception.GlobalExceptionHandler   : Validation error on request: /bank/create
2025-06-02T23:13:21.765+05:30  WARN 23436 --- [LoanLeLe] [http-nio-8080-exec-2] .m.m.a.ExceptionHandlerExceptionResolver : Resolved [org.springframework.web.bind.MethodArgumentNotValidException: Validation failed for argument [0] in public com.loanlelo.LoanLeLe.DTO.BankDTO.BankRegister com.loanlelo.LoanLeLe.Controller.AdminAPI.BankRegisterController.registerBank(com.loanlelo.LoanLeLe.DTO.BankDTO.BankRegister) with 3 errors: [Field error in object 'bankRegister' on field 'email': rejected value [invalidemail.com]; codes [Email.bankRegister.email,Email.email,Email.java.lang.String,Email]; arguments [org.springframework.context.support.DefaultMessageSourceResolvable: codes [bankRegister.email,email]; arguments []; default message [email],[Ljakarta.validation.constraints.Pattern$Flag;@631b796c,.*]; default message [Invalid email address format]] [Field error in object 'bankRegister' on field 'name': rejected value [null]; codes [NotNull.bankRegister.name,NotNull.name,NotNull.java.lang.String,NotNull]; arguments [org.springframework.context.support.DefaultMessageSourceResolvable: codes [bankRegister.name,name]; arguments []; default message [name]]; default message [Bank name must not be null]] [Field error in object 'bankRegister' on field 'contactNumber': rejected value [+91123]; codes [Pattern.bankRegister.contactNumber,Pattern.contactNumber,Pattern.java.lang.String,Pattern]; arguments [org.springframework.context.support.DefaultMessageSourceResolvable: codes [bankRegister.contactNumber,contactNumber]; arguments []; default message [contactNumber],[Ljakarta.validation.constraints.Pattern$Flag;@2f417f0e,^[+]?[0-9]{10,15}$]; default message [Contact number must be a valid phone number with 10 to 15 digits]] ]
2025-06-02T23:14:21.622+05:30  WARN 23436 --- [LoanLeLe] [http-nio-8080-exec-7] c.l.L.Exception.GlobalExceptionHandler   : Validation error on request: /bank/create
2025-06-02T23:14:21.625+05:30  WARN 23436 --- [LoanLeLe] [http-nio-8080-exec-7] .m.m.a.ExceptionHandlerExceptionResolver : Resolved [org.springframework.web.bind.MethodArgumentNotValidException: Validation failed for argument [0] in public com.loanlelo.LoanLeLe.DTO.BankDTO.BankRegister com.loanlelo.LoanLeLe.Controller.AdminAPI.BankRegisterController.registerBank(com.loanlelo.LoanLeLe.DTO.BankDTO.BankRegister) with 5 errors: [Field error in object 'bankRegister' on field 'address': rejected value [123]; codes [Size.bankRegister.address,Size.address,Size.java.lang.String,Size]; arguments [org.springframework.context.support.DefaultMessageSourceResolvable: codes [bankRegister.address,address]; arguments []; default message [address],200,5]; default message [Address must be between 5 and 200 characters]] [Field error in object 'bankRegister' on field 'email': rejected value [invalid-email]; codes [Email.bankRegister.email,Email.email,Email.java.lang.String,Email]; arguments [org.springframework.context.support.DefaultMessageSourceResolvable: codes [bankRegister.email,email]; arguments []; default message [email],[Ljakarta.validation.constraints.Pattern$Flag;@631b796c,.*]; default message [Invalid email address format]] [Field error in object 'bankRegister' on field 'licenseNumber': rejected value [1234]; codes [Size.bankRegister.licenseNumber,Size.licenseNumber,Size.java.lang.String,Size]; arguments [org.springframework.context.support.DefaultMessageSourceResolvable: codes [bankRegister.licenseNumber,licenseNumber]; arguments []; default message [licenseNumber],50,5]; default message [License number must be between 5 and 50 characters]] [Field error in object 'bankRegister' on field 'name': rejected value [AB]; codes [Size.bankRegister.name,Size.name,Size.java.lang.String,Size]; arguments [org.springframework.context.support.DefaultMessageSourceResolvable: codes [bankRegister.name,name]; arguments []; default message [name],100,3]; default message [Bank name must be between 3 and 100 characters]] [Field error in object 'bankRegister' on field 'contactNumber': rejected value [12345]; codes [Pattern.bankRegister.contactNumber,Pattern.contactNumber,Pattern.java.lang.String,Pattern]; arguments [org.springframework.context.support.DefaultMessageSourceResolvable: codes [bankRegister.contactNumber,contactNumber]; arguments []; default message [contactNumber],[Ljakarta.validation.constraints.Pattern$Flag;@2f417f0e,^[+]?[0-9]{10,15}$]; default message [Contact number must be a valid phone number with 10 to 15 digits]] ]
2025-06-02T23:18:12.713+05:30  INFO 23436 --- [LoanLeLe] [File Watcher] rtingClassPathChangeChangedEventListener : Restarting due to 1 class path change (1 addition, 0 deletions, 0 modifications)
2025-06-02T23:18:12.716+05:30  INFO 23436 --- [LoanLeLe] [Thread-35] o.s.b.w.e.tomcat.GracefulShutdown        : Commencing graceful shutdown. Waiting for active requests to complete
2025-06-02T23:18:12.723+05:30  INFO 23436 --- [LoanLeLe] [tomcat-shutdown] o.s.b.w.e.tomcat.GracefulShutdown        : Graceful shutdown complete
2025-06-02T23:18:12.726+05:30  INFO 23436 --- [LoanLeLe] [Thread-35] j.LocalContainerEntityManagerFactoryBean : Closing JPA EntityManagerFactory for persistence unit 'default'
2025-06-02T23:18:12.729+05:30  WARN 23436 --- [LoanLeLe] [Thread-35] o.s.b.f.support.DisposableBeanAdapter    : Invocation of destroy method failed on bean with name 'inMemoryDatabaseShutdownExecutor': org.h2.jdbc.JdbcSQLNonTransientConnectionException: Database is already closed (to disable automatic closing at VM shutdown, add ";DB_CLOSE_ON_EXIT=FALSE" to the db URL) [90121-232]
2025-06-02T23:18:12.730+05:30  INFO 23436 --- [LoanLeLe] [Thread-35] com.zaxxer.hikari.HikariDataSource       : HikariPool-9 - Shutdown initiated...
2025-06-02T23:18:12.730+05:30  INFO 23436 --- [LoanLeLe] [Thread-35] com.zaxxer.hikari.HikariDataSource       : HikariPool-9 - Shutdown completed.
