2025-06-06 16:06:13 ERROR o.s.b.w.e.tomcat.TomcatStarter - Error starting Tomcat context. Exception: org.springframework.beans.factory.UnsatisfiedDependencyException. Message: Error creating bean with name 'jwtAuthFilter' defined in file [D:\LoanLeLe\LoanLeLe\target\classes\com\loanlelo\LoanLeLe\Filter\JwtAuthFilter.class]: Unsatisfied dependency expressed through constructor parameter 0: Error creating bean with name 'userInfoService' defined in file [D:\LoanLeLe\LoanLeLe\target\classes\com\loanlelo\LoanLeLe\Service\SecurityUtil\UserInfoService.class]: Unsatisfied dependency expressed through constructor parameter 0: Error creating bean with name 'consumerRepo' defined in com.loanlelo.LoanLeLe.Repository.ConsumerRepo defined in @EnableJpaRepositories declared on JpaRepositoriesRegistrar.EnableJpaRepositoriesConfiguration: Could not create query for public abstract java.util.Optional com.loanlelo.LoanLeLe.Repository.ConsumerRepo.findConsumerDetailsForLoanByEmail(java.lang.String); Reason: Validation failed for query for method public abstract java.util.Optional com.loanlelo.LoanLeLe.Repository.ConsumerRepo.findConsumerDetailsForLoanByEmail(java.lang.String)
2025-06-06 16:06:13 ERROR o.s.boot.SpringApplication - Application run failed
org.springframework.context.ApplicationContextException: Unable to start web server
	at org.springframework.boot.web.servlet.context.ServletWebServerApplicationContext.onRefresh(ServletWebServerApplicationContext.java:170)
	at org.springframework.context.support.AbstractApplicationContext.refresh(AbstractApplicationContext.java:621)
	at org.springframework.boot.web.servlet.context.ServletWebServerApplicationContext.refresh(ServletWebServerApplicationContext.java:146)
	at org.springframework.boot.SpringApplication.refresh(SpringApplication.java:753)
	at org.springframework.boot.SpringApplication.refreshContext(SpringApplication.java:439)
Caused by: org.springframework.boot.web.server.WebServerException: Unable to start embedded Tomcat
	at org.springframework.boot.web.embedded.tomcat.TomcatWebServer.initialize(TomcatWebServer.java:147)
	at org.springframework.boot.web.embedded.tomcat.TomcatWebServer.<init>(TomcatWebServer.java:107)
	at org.springframework.boot.web.embedded.tomcat.TomcatServletWebServerFactory.getTomcatWebServer(TomcatServletWebServerFactory.java:517)
	at org.springframework.boot.web.embedded.tomcat.TomcatServletWebServerFactory.getWebServer(TomcatServletWebServerFactory.java:219)
	at org.springframework.boot.web.servlet.context.ServletWebServerApplicationContext.createWebServer(ServletWebServerApplicationContext.java:193)
Caused by: org.springframework.beans.factory.UnsatisfiedDependencyException: Error creating bean with name 'jwtAuthFilter' defined in file [D:\LoanLeLe\LoanLeLe\target\classes\com\loanlelo\LoanLeLe\Filter\JwtAuthFilter.class]: Unsatisfied dependency expressed through constructor parameter 0: Error creating bean with name 'userInfoService' defined in file [D:\LoanLeLe\LoanLeLe\target\classes\com\loanlelo\LoanLeLe\Service\SecurityUtil\UserInfoService.class]: Unsatisfied dependency expressed through constructor parameter 0: Error creating bean with name 'consumerRepo' defined in com.loanlelo.LoanLeLe.Repository.ConsumerRepo defined in @EnableJpaRepositories declared on JpaRepositoriesRegistrar.EnableJpaRepositoriesConfiguration: Could not create query for public abstract java.util.Optional com.loanlelo.LoanLeLe.Repository.ConsumerRepo.findConsumerDetailsForLoanByEmail(java.lang.String); Reason: Validation failed for query for method public abstract java.util.Optional com.loanlelo.LoanLeLe.Repository.ConsumerRepo.findConsumerDetailsForLoanByEmail(java.lang.String)
	at org.springframework.beans.factory.support.ConstructorResolver.createArgumentArray(ConstructorResolver.java:804)
	at org.springframework.beans.factory.support.ConstructorResolver.autowireConstructor(ConstructorResolver.java:240)
	at org.springframework.beans.factory.support.AbstractAutowireCapableBeanFactory.autowireConstructor(AbstractAutowireCapableBeanFactory.java:1395)
	at org.springframework.beans.factory.support.AbstractAutowireCapableBeanFactory.createBeanInstance(AbstractAutowireCapableBeanFactory.java:1232)
	at org.springframework.beans.factory.support.AbstractAutowireCapableBeanFactory.doCreateBean(AbstractAutowireCapableBeanFactory.java:569)
Caused by: org.springframework.beans.factory.UnsatisfiedDependencyException: Error creating bean with name 'userInfoService' defined in file [D:\LoanLeLe\LoanLeLe\target\classes\com\loanlelo\LoanLeLe\Service\SecurityUtil\UserInfoService.class]: Unsatisfied dependency expressed through constructor parameter 0: Error creating bean with name 'consumerRepo' defined in com.loanlelo.LoanLeLe.Repository.ConsumerRepo defined in @EnableJpaRepositories declared on JpaRepositoriesRegistrar.EnableJpaRepositoriesConfiguration: Could not create query for public abstract java.util.Optional com.loanlelo.LoanLeLe.Repository.ConsumerRepo.findConsumerDetailsForLoanByEmail(java.lang.String); Reason: Validation failed for query for method public abstract java.util.Optional com.loanlelo.LoanLeLe.Repository.ConsumerRepo.findConsumerDetailsForLoanByEmail(java.lang.String)
	at org.springframework.beans.factory.support.ConstructorResolver.createArgumentArray(ConstructorResolver.java:804)
	at org.springframework.beans.factory.support.ConstructorResolver.autowireConstructor(ConstructorResolver.java:240)
	at org.springframework.beans.factory.support.AbstractAutowireCapableBeanFactory.autowireConstructor(AbstractAutowireCapableBeanFactory.java:1395)
	at org.springframework.beans.factory.support.AbstractAutowireCapableBeanFactory.createBeanInstance(AbstractAutowireCapableBeanFactory.java:1232)
	at org.springframework.beans.factory.support.AbstractAutowireCapableBeanFactory.doCreateBean(AbstractAutowireCapableBeanFactory.java:569)
Caused by: org.springframework.beans.factory.BeanCreationException: Error creating bean with name 'consumerRepo' defined in com.loanlelo.LoanLeLe.Repository.ConsumerRepo defined in @EnableJpaRepositories declared on JpaRepositoriesRegistrar.EnableJpaRepositoriesConfiguration: Could not create query for public abstract java.util.Optional com.loanlelo.LoanLeLe.Repository.ConsumerRepo.findConsumerDetailsForLoanByEmail(java.lang.String); Reason: Validation failed for query for method public abstract java.util.Optional com.loanlelo.LoanLeLe.Repository.ConsumerRepo.findConsumerDetailsForLoanByEmail(java.lang.String)
	at org.springframework.beans.factory.support.AbstractAutowireCapableBeanFactory.initializeBean(AbstractAutowireCapableBeanFactory.java:1826)
	at org.springframework.beans.factory.support.AbstractAutowireCapableBeanFactory.doCreateBean(AbstractAutowireCapableBeanFactory.java:607)
	at org.springframework.beans.factory.support.AbstractAutowireCapableBeanFactory.createBean(AbstractAutowireCapableBeanFactory.java:529)
	at org.springframework.beans.factory.support.AbstractBeanFactory.lambda$doGetBean$0(AbstractBeanFactory.java:339)
	at org.springframework.beans.factory.support.DefaultSingletonBeanRegistry.getSingleton(DefaultSingletonBeanRegistry.java:373)
Caused by: org.springframework.data.repository.query.QueryCreationException: Could not create query for public abstract java.util.Optional com.loanlelo.LoanLeLe.Repository.ConsumerRepo.findConsumerDetailsForLoanByEmail(java.lang.String); Reason: Validation failed for query for method public abstract java.util.Optional com.loanlelo.LoanLeLe.Repository.ConsumerRepo.findConsumerDetailsForLoanByEmail(java.lang.String)
	at org.springframework.data.repository.query.QueryCreationException.create(QueryCreationException.java:101)
	at org.springframework.data.repository.core.support.QueryExecutorMethodInterceptor.lookupQuery(QueryExecutorMethodInterceptor.java:120)
	at org.springframework.data.repository.core.support.QueryExecutorMethodInterceptor.mapMethodsToQuery(QueryExecutorMethodInterceptor.java:104)
	at org.springframework.data.repository.core.support.QueryExecutorMethodInterceptor.lambda$new$0(QueryExecutorMethodInterceptor.java:92)
	at java.base/java.util.Optional.map(Optional.java:260)
Caused by: java.lang.IllegalArgumentException: Validation failed for query for method public abstract java.util.Optional com.loanlelo.LoanLeLe.Repository.ConsumerRepo.findConsumerDetailsForLoanByEmail(java.lang.String)
	at org.springframework.data.jpa.repository.query.SimpleJpaQuery.validateQuery(SimpleJpaQuery.java:97)
	at org.springframework.data.jpa.repository.query.SimpleJpaQuery.<init>(SimpleJpaQuery.java:67)
	at org.springframework.data.jpa.repository.query.JpaQueryFactory.fromMethodWithQueryString(JpaQueryFactory.java:49)
	at org.springframework.data.jpa.repository.query.JpaQueryLookupStrategy$DeclaredQueryLookupStrategy.resolveQuery(JpaQueryLookupStrategy.java:174)
	at org.springframework.data.jpa.repository.query.JpaQueryLookupStrategy$CreateIfNotFoundQueryLookupStrategy.resolveQuery(JpaQueryLookupStrategy.java:254)
Caused by: java.lang.IllegalArgumentException: org.hibernate.query.SemanticException: Could not resolve class 'com.loanlelo.LoanLeLe.DTO.ConsumerGetForLoan' named for instantiation [SELECT new com.loanlelo.LoanLeLe.DTO.ConsumerGetForLoan(c.firstName, c.lastName, c.email, c.password, c.phone) FROM Consumer c WHERE c.email = :email]
	at org.hibernate.internal.ExceptionConverterImpl.convert(ExceptionConverterImpl.java:143)
	at org.hibernate.internal.ExceptionConverterImpl.convert(ExceptionConverterImpl.java:167)
	at org.hibernate.internal.ExceptionConverterImpl.convert(ExceptionConverterImpl.java:173)
	at org.hibernate.internal.AbstractSharedSessionContract.createQuery(AbstractSharedSessionContract.java:886)
	at org.hibernate.internal.AbstractSharedSessionContract.createQuery(AbstractSharedSessionContract.java:796)
Caused by: org.hibernate.query.SemanticException: Could not resolve class 'com.loanlelo.LoanLeLe.DTO.ConsumerGetForLoan' named for instantiation [SELECT new com.loanlelo.LoanLeLe.DTO.ConsumerGetForLoan(c.firstName, c.lastName, c.email, c.password, c.phone) FROM Consumer c WHERE c.email = :email]
	at org.hibernate.query.hql.internal.SemanticQueryBuilder.visitInstantiation(SemanticQueryBuilder.java:1477)
	at org.hibernate.query.hql.internal.SemanticQueryBuilder.visitInstantiation(SemanticQueryBuilder.java:277)
	at org.hibernate.grammars.hql.HqlParser$InstantiationContext.accept(HqlParser.java:4034)
	at org.hibernate.query.hql.internal.SemanticQueryBuilder.visitSelectableNode(SemanticQueryBuilder.java:1458)
	at org.hibernate.query.hql.internal.SemanticQueryBuilder.visitSelection(SemanticQueryBuilder.java:1412)
2025-06-06 16:06:56 ERROR o.s.b.w.e.tomcat.TomcatStarter - Error starting Tomcat context. Exception: org.springframework.beans.factory.UnsatisfiedDependencyException. Message: Error creating bean with name 'jwtAuthFilter' defined in file [D:\LoanLeLe\LoanLeLe\target\classes\com\loanlelo\LoanLeLe\Filter\JwtAuthFilter.class]: Unsatisfied dependency expressed through constructor parameter 0: Error creating bean with name 'userInfoService' defined in file [D:\LoanLeLe\LoanLeLe\target\classes\com\loanlelo\LoanLeLe\Service\SecurityUtil\UserInfoService.class]: Unsatisfied dependency expressed through constructor parameter 0: Error creating bean with name 'consumerRepo' defined in com.loanlelo.LoanLeLe.Repository.ConsumerRepo defined in @EnableJpaRepositories declared on JpaRepositoriesRegistrar.EnableJpaRepositoriesConfiguration: Could not create query for public abstract java.util.Optional com.loanlelo.LoanLeLe.Repository.ConsumerRepo.findConsumerDetailsForLoanByEmail(java.lang.String); Reason: Validation failed for query for method public abstract java.util.Optional com.loanlelo.LoanLeLe.Repository.ConsumerRepo.findConsumerDetailsForLoanByEmail(java.lang.String)
2025-06-06 16:06:56 ERROR o.s.boot.SpringApplication - Application run failed
org.springframework.context.ApplicationContextException: Unable to start web server
	at org.springframework.boot.web.servlet.context.ServletWebServerApplicationContext.onRefresh(ServletWebServerApplicationContext.java:170)
	at org.springframework.context.support.AbstractApplicationContext.refresh(AbstractApplicationContext.java:621)
	at org.springframework.boot.web.servlet.context.ServletWebServerApplicationContext.refresh(ServletWebServerApplicationContext.java:146)
	at org.springframework.boot.SpringApplication.refresh(SpringApplication.java:753)
	at org.springframework.boot.SpringApplication.refreshContext(SpringApplication.java:439)
Caused by: org.springframework.boot.web.server.WebServerException: Unable to start embedded Tomcat
	at org.springframework.boot.web.embedded.tomcat.TomcatWebServer.initialize(TomcatWebServer.java:147)
	at org.springframework.boot.web.embedded.tomcat.TomcatWebServer.<init>(TomcatWebServer.java:107)
	at org.springframework.boot.web.embedded.tomcat.TomcatServletWebServerFactory.getTomcatWebServer(TomcatServletWebServerFactory.java:517)
	at org.springframework.boot.web.embedded.tomcat.TomcatServletWebServerFactory.getWebServer(TomcatServletWebServerFactory.java:219)
	at org.springframework.boot.web.servlet.context.ServletWebServerApplicationContext.createWebServer(ServletWebServerApplicationContext.java:193)
Caused by: org.springframework.beans.factory.UnsatisfiedDependencyException: Error creating bean with name 'jwtAuthFilter' defined in file [D:\LoanLeLe\LoanLeLe\target\classes\com\loanlelo\LoanLeLe\Filter\JwtAuthFilter.class]: Unsatisfied dependency expressed through constructor parameter 0: Error creating bean with name 'userInfoService' defined in file [D:\LoanLeLe\LoanLeLe\target\classes\com\loanlelo\LoanLeLe\Service\SecurityUtil\UserInfoService.class]: Unsatisfied dependency expressed through constructor parameter 0: Error creating bean with name 'consumerRepo' defined in com.loanlelo.LoanLeLe.Repository.ConsumerRepo defined in @EnableJpaRepositories declared on JpaRepositoriesRegistrar.EnableJpaRepositoriesConfiguration: Could not create query for public abstract java.util.Optional com.loanlelo.LoanLeLe.Repository.ConsumerRepo.findConsumerDetailsForLoanByEmail(java.lang.String); Reason: Validation failed for query for method public abstract java.util.Optional com.loanlelo.LoanLeLe.Repository.ConsumerRepo.findConsumerDetailsForLoanByEmail(java.lang.String)
	at org.springframework.beans.factory.support.ConstructorResolver.createArgumentArray(ConstructorResolver.java:804)
	at org.springframework.beans.factory.support.ConstructorResolver.autowireConstructor(ConstructorResolver.java:240)
	at org.springframework.beans.factory.support.AbstractAutowireCapableBeanFactory.autowireConstructor(AbstractAutowireCapableBeanFactory.java:1395)
	at org.springframework.beans.factory.support.AbstractAutowireCapableBeanFactory.createBeanInstance(AbstractAutowireCapableBeanFactory.java:1232)
	at org.springframework.beans.factory.support.AbstractAutowireCapableBeanFactory.doCreateBean(AbstractAutowireCapableBeanFactory.java:569)
Caused by: org.springframework.beans.factory.UnsatisfiedDependencyException: Error creating bean with name 'userInfoService' defined in file [D:\LoanLeLe\LoanLeLe\target\classes\com\loanlelo\LoanLeLe\Service\SecurityUtil\UserInfoService.class]: Unsatisfied dependency expressed through constructor parameter 0: Error creating bean with name 'consumerRepo' defined in com.loanlelo.LoanLeLe.Repository.ConsumerRepo defined in @EnableJpaRepositories declared on JpaRepositoriesRegistrar.EnableJpaRepositoriesConfiguration: Could not create query for public abstract java.util.Optional com.loanlelo.LoanLeLe.Repository.ConsumerRepo.findConsumerDetailsForLoanByEmail(java.lang.String); Reason: Validation failed for query for method public abstract java.util.Optional com.loanlelo.LoanLeLe.Repository.ConsumerRepo.findConsumerDetailsForLoanByEmail(java.lang.String)
	at org.springframework.beans.factory.support.ConstructorResolver.createArgumentArray(ConstructorResolver.java:804)
	at org.springframework.beans.factory.support.ConstructorResolver.autowireConstructor(ConstructorResolver.java:240)
	at org.springframework.beans.factory.support.AbstractAutowireCapableBeanFactory.autowireConstructor(AbstractAutowireCapableBeanFactory.java:1395)
	at org.springframework.beans.factory.support.AbstractAutowireCapableBeanFactory.createBeanInstance(AbstractAutowireCapableBeanFactory.java:1232)
	at org.springframework.beans.factory.support.AbstractAutowireCapableBeanFactory.doCreateBean(AbstractAutowireCapableBeanFactory.java:569)
Caused by: org.springframework.beans.factory.BeanCreationException: Error creating bean with name 'consumerRepo' defined in com.loanlelo.LoanLeLe.Repository.ConsumerRepo defined in @EnableJpaRepositories declared on JpaRepositoriesRegistrar.EnableJpaRepositoriesConfiguration: Could not create query for public abstract java.util.Optional com.loanlelo.LoanLeLe.Repository.ConsumerRepo.findConsumerDetailsForLoanByEmail(java.lang.String); Reason: Validation failed for query for method public abstract java.util.Optional com.loanlelo.LoanLeLe.Repository.ConsumerRepo.findConsumerDetailsForLoanByEmail(java.lang.String)
	at org.springframework.beans.factory.support.AbstractAutowireCapableBeanFactory.initializeBean(AbstractAutowireCapableBeanFactory.java:1826)
	at org.springframework.beans.factory.support.AbstractAutowireCapableBeanFactory.doCreateBean(AbstractAutowireCapableBeanFactory.java:607)
	at org.springframework.beans.factory.support.AbstractAutowireCapableBeanFactory.createBean(AbstractAutowireCapableBeanFactory.java:529)
	at org.springframework.beans.factory.support.AbstractBeanFactory.lambda$doGetBean$0(AbstractBeanFactory.java:339)
	at org.springframework.beans.factory.support.DefaultSingletonBeanRegistry.getSingleton(DefaultSingletonBeanRegistry.java:373)
Caused by: org.springframework.data.repository.query.QueryCreationException: Could not create query for public abstract java.util.Optional com.loanlelo.LoanLeLe.Repository.ConsumerRepo.findConsumerDetailsForLoanByEmail(java.lang.String); Reason: Validation failed for query for method public abstract java.util.Optional com.loanlelo.LoanLeLe.Repository.ConsumerRepo.findConsumerDetailsForLoanByEmail(java.lang.String)
	at org.springframework.data.repository.query.QueryCreationException.create(QueryCreationException.java:101)
	at org.springframework.data.repository.core.support.QueryExecutorMethodInterceptor.lookupQuery(QueryExecutorMethodInterceptor.java:120)
	at org.springframework.data.repository.core.support.QueryExecutorMethodInterceptor.mapMethodsToQuery(QueryExecutorMethodInterceptor.java:104)
	at org.springframework.data.repository.core.support.QueryExecutorMethodInterceptor.lambda$new$0(QueryExecutorMethodInterceptor.java:92)
	at java.base/java.util.Optional.map(Optional.java:260)
Caused by: java.lang.IllegalArgumentException: Validation failed for query for method public abstract java.util.Optional com.loanlelo.LoanLeLe.Repository.ConsumerRepo.findConsumerDetailsForLoanByEmail(java.lang.String)
	at org.springframework.data.jpa.repository.query.SimpleJpaQuery.validateQuery(SimpleJpaQuery.java:97)
	at org.springframework.data.jpa.repository.query.SimpleJpaQuery.<init>(SimpleJpaQuery.java:67)
	at org.springframework.data.jpa.repository.query.JpaQueryFactory.fromMethodWithQueryString(JpaQueryFactory.java:49)
	at org.springframework.data.jpa.repository.query.JpaQueryLookupStrategy$DeclaredQueryLookupStrategy.resolveQuery(JpaQueryLookupStrategy.java:174)
	at org.springframework.data.jpa.repository.query.JpaQueryLookupStrategy$CreateIfNotFoundQueryLookupStrategy.resolveQuery(JpaQueryLookupStrategy.java:254)
Caused by: java.lang.IllegalArgumentException: org.hibernate.query.SemanticException: Could not resolve class 'com.loanlelo.LoanLeLe.DTO.ConsumerGetForLoan' named for instantiation [SELECT new com.loanlelo.LoanLeLe.DTO.ConsumerGetForLoan(c.firstName, c.lastName, c.email, c.password, c.phone) FROM Consumer c WHERE c.email = :email]
	at org.hibernate.internal.ExceptionConverterImpl.convert(ExceptionConverterImpl.java:143)
	at org.hibernate.internal.ExceptionConverterImpl.convert(ExceptionConverterImpl.java:167)
	at org.hibernate.internal.ExceptionConverterImpl.convert(ExceptionConverterImpl.java:173)
	at org.hibernate.internal.AbstractSharedSessionContract.createQuery(AbstractSharedSessionContract.java:886)
	at org.hibernate.internal.AbstractSharedSessionContract.createQuery(AbstractSharedSessionContract.java:796)
Caused by: org.hibernate.query.SemanticException: Could not resolve class 'com.loanlelo.LoanLeLe.DTO.ConsumerGetForLoan' named for instantiation [SELECT new com.loanlelo.LoanLeLe.DTO.ConsumerGetForLoan(c.firstName, c.lastName, c.email, c.password, c.phone) FROM Consumer c WHERE c.email = :email]
	at org.hibernate.query.hql.internal.SemanticQueryBuilder.visitInstantiation(SemanticQueryBuilder.java:1477)
	at org.hibernate.query.hql.internal.SemanticQueryBuilder.visitInstantiation(SemanticQueryBuilder.java:277)
	at org.hibernate.grammars.hql.HqlParser$InstantiationContext.accept(HqlParser.java:4034)
	at org.hibernate.query.hql.internal.SemanticQueryBuilder.visitSelectableNode(SemanticQueryBuilder.java:1458)
	at org.hibernate.query.hql.internal.SemanticQueryBuilder.visitSelection(SemanticQueryBuilder.java:1412)
2025-06-06 16:18:18 ERROR o.s.boot.SpringApplication - Application run failed
org.springframework.beans.factory.UnsatisfiedDependencyException: Error creating bean with name 'securityConfig' defined in file [D:\LoanLeLe\LoanLeLe\target\classes\com\loanlelo\LoanLeLe\Config\SecurityConfig.class]: Unsatisfied dependency expressed through constructor parameter 0: Error creating bean with name 'jwtAuthFilter' defined in file [D:\LoanLeLe\LoanLeLe\target\classes\com\loanlelo\LoanLeLe\Filter\JwtAuthFilter.class]: Unsatisfied dependency expressed through constructor parameter 0: Error creating bean with name 'userInfoService' defined in file [D:\LoanLeLe\LoanLeLe\target\classes\com\loanlelo\LoanLeLe\Service\SecurityUtil\UserInfoService.class]: Unsatisfied dependency expressed through constructor parameter 0: Error creating bean with name 'consumerRepo' defined in com.loanlelo.LoanLeLe.Repository.ConsumerRepo defined in @EnableJpaRepositories declared on JpaRepositoriesRegistrar.EnableJpaRepositoriesConfiguration: Could not create query for public abstract java.util.List com.loanlelo.LoanLeLe.Repository.ConsumerRepo.adminSeeConsumers(); Reason: Validation failed for query for method public abstract java.util.List com.loanlelo.LoanLeLe.Repository.ConsumerRepo.adminSeeConsumers()
	at org.springframework.beans.factory.support.ConstructorResolver.createArgumentArray(ConstructorResolver.java:804)
	at org.springframework.beans.factory.support.ConstructorResolver.autowireConstructor(ConstructorResolver.java:240)
	at org.springframework.beans.factory.support.AbstractAutowireCapableBeanFactory.autowireConstructor(AbstractAutowireCapableBeanFactory.java:1395)
	at org.springframework.beans.factory.support.AbstractAutowireCapableBeanFactory.createBeanInstance(AbstractAutowireCapableBeanFactory.java:1232)
	at org.springframework.beans.factory.support.AbstractAutowireCapableBeanFactory.doCreateBean(AbstractAutowireCapableBeanFactory.java:569)
Caused by: org.springframework.beans.factory.UnsatisfiedDependencyException: Error creating bean with name 'jwtAuthFilter' defined in file [D:\LoanLeLe\LoanLeLe\target\classes\com\loanlelo\LoanLeLe\Filter\JwtAuthFilter.class]: Unsatisfied dependency expressed through constructor parameter 0: Error creating bean with name 'userInfoService' defined in file [D:\LoanLeLe\LoanLeLe\target\classes\com\loanlelo\LoanLeLe\Service\SecurityUtil\UserInfoService.class]: Unsatisfied dependency expressed through constructor parameter 0: Error creating bean with name 'consumerRepo' defined in com.loanlelo.LoanLeLe.Repository.ConsumerRepo defined in @EnableJpaRepositories declared on JpaRepositoriesRegistrar.EnableJpaRepositoriesConfiguration: Could not create query for public abstract java.util.List com.loanlelo.LoanLeLe.Repository.ConsumerRepo.adminSeeConsumers(); Reason: Validation failed for query for method public abstract java.util.List com.loanlelo.LoanLeLe.Repository.ConsumerRepo.adminSeeConsumers()
	at org.springframework.beans.factory.support.ConstructorResolver.createArgumentArray(ConstructorResolver.java:804)
	at org.springframework.beans.factory.support.ConstructorResolver.autowireConstructor(ConstructorResolver.java:240)
	at org.springframework.beans.factory.support.AbstractAutowireCapableBeanFactory.autowireConstructor(AbstractAutowireCapableBeanFactory.java:1395)
	at org.springframework.beans.factory.support.AbstractAutowireCapableBeanFactory.createBeanInstance(AbstractAutowireCapableBeanFactory.java:1232)
	at org.springframework.beans.factory.support.AbstractAutowireCapableBeanFactory.doCreateBean(AbstractAutowireCapableBeanFactory.java:569)
Caused by: org.springframework.beans.factory.UnsatisfiedDependencyException: Error creating bean with name 'userInfoService' defined in file [D:\LoanLeLe\LoanLeLe\target\classes\com\loanlelo\LoanLeLe\Service\SecurityUtil\UserInfoService.class]: Unsatisfied dependency expressed through constructor parameter 0: Error creating bean with name 'consumerRepo' defined in com.loanlelo.LoanLeLe.Repository.ConsumerRepo defined in @EnableJpaRepositories declared on JpaRepositoriesRegistrar.EnableJpaRepositoriesConfiguration: Could not create query for public abstract java.util.List com.loanlelo.LoanLeLe.Repository.ConsumerRepo.adminSeeConsumers(); Reason: Validation failed for query for method public abstract java.util.List com.loanlelo.LoanLeLe.Repository.ConsumerRepo.adminSeeConsumers()
	at org.springframework.beans.factory.support.ConstructorResolver.createArgumentArray(ConstructorResolver.java:804)
	at org.springframework.beans.factory.support.ConstructorResolver.autowireConstructor(ConstructorResolver.java:240)
	at org.springframework.beans.factory.support.AbstractAutowireCapableBeanFactory.autowireConstructor(AbstractAutowireCapableBeanFactory.java:1395)
	at org.springframework.beans.factory.support.AbstractAutowireCapableBeanFactory.createBeanInstance(AbstractAutowireCapableBeanFactory.java:1232)
	at org.springframework.beans.factory.support.AbstractAutowireCapableBeanFactory.doCreateBean(AbstractAutowireCapableBeanFactory.java:569)
Caused by: org.springframework.beans.factory.BeanCreationException: Error creating bean with name 'consumerRepo' defined in com.loanlelo.LoanLeLe.Repository.ConsumerRepo defined in @EnableJpaRepositories declared on JpaRepositoriesRegistrar.EnableJpaRepositoriesConfiguration: Could not create query for public abstract java.util.List com.loanlelo.LoanLeLe.Repository.ConsumerRepo.adminSeeConsumers(); Reason: Validation failed for query for method public abstract java.util.List com.loanlelo.LoanLeLe.Repository.ConsumerRepo.adminSeeConsumers()
	at org.springframework.beans.factory.support.AbstractAutowireCapableBeanFactory.initializeBean(AbstractAutowireCapableBeanFactory.java:1826)
	at org.springframework.beans.factory.support.AbstractAutowireCapableBeanFactory.doCreateBean(AbstractAutowireCapableBeanFactory.java:607)
	at org.springframework.beans.factory.support.AbstractAutowireCapableBeanFactory.createBean(AbstractAutowireCapableBeanFactory.java:529)
	at org.springframework.beans.factory.support.AbstractBeanFactory.lambda$doGetBean$0(AbstractBeanFactory.java:339)
	at org.springframework.beans.factory.support.DefaultSingletonBeanRegistry.getSingleton(DefaultSingletonBeanRegistry.java:373)
Caused by: org.springframework.data.repository.query.QueryCreationException: Could not create query for public abstract java.util.List com.loanlelo.LoanLeLe.Repository.ConsumerRepo.adminSeeConsumers(); Reason: Validation failed for query for method public abstract java.util.List com.loanlelo.LoanLeLe.Repository.ConsumerRepo.adminSeeConsumers()
	at org.springframework.data.repository.query.QueryCreationException.create(QueryCreationException.java:101)
	at org.springframework.data.repository.core.support.QueryExecutorMethodInterceptor.lookupQuery(QueryExecutorMethodInterceptor.java:120)
	at org.springframework.data.repository.core.support.QueryExecutorMethodInterceptor.mapMethodsToQuery(QueryExecutorMethodInterceptor.java:104)
	at org.springframework.data.repository.core.support.QueryExecutorMethodInterceptor.lambda$new$0(QueryExecutorMethodInterceptor.java:92)
	at java.base/java.util.Optional.map(Optional.java:260)
Caused by: java.lang.IllegalArgumentException: Validation failed for query for method public abstract java.util.List com.loanlelo.LoanLeLe.Repository.ConsumerRepo.adminSeeConsumers()
	at org.springframework.data.jpa.repository.query.SimpleJpaQuery.validateQuery(SimpleJpaQuery.java:97)
	at org.springframework.data.jpa.repository.query.SimpleJpaQuery.<init>(SimpleJpaQuery.java:67)
	at org.springframework.data.jpa.repository.query.JpaQueryFactory.fromMethodWithQueryString(JpaQueryFactory.java:49)
	at org.springframework.data.jpa.repository.query.JpaQueryLookupStrategy$DeclaredQueryLookupStrategy.resolveQuery(JpaQueryLookupStrategy.java:174)
	at org.springframework.data.jpa.repository.query.JpaQueryLookupStrategy$CreateIfNotFoundQueryLookupStrategy.resolveQuery(JpaQueryLookupStrategy.java:254)
Caused by: java.lang.IllegalArgumentException: org.hibernate.query.sqm.UnknownPathException: Could not resolve attribute 'amount' of 'com.loanlelo.LoanLeLe.Entity.LoanTakenByConsumer' [SELECT new com.loanlelo.LoanLeLe.DTO.ConsumerDTO.AdminSeeConsumer(c.firstName, c.lastName, c.email, l.id, l.amount, l.status, l.dueDate )FROM Consumer c JOIN c.loanTakenByConsumer l]
	at org.hibernate.internal.ExceptionConverterImpl.convert(ExceptionConverterImpl.java:143)
	at org.hibernate.internal.ExceptionConverterImpl.convert(ExceptionConverterImpl.java:167)
	at org.hibernate.internal.ExceptionConverterImpl.convert(ExceptionConverterImpl.java:173)
	at org.hibernate.internal.AbstractSharedSessionContract.createQuery(AbstractSharedSessionContract.java:886)
	at org.hibernate.internal.AbstractSharedSessionContract.createQuery(AbstractSharedSessionContract.java:796)
Caused by: org.hibernate.query.sqm.UnknownPathException: Could not resolve attribute 'amount' of 'com.loanlelo.LoanLeLe.Entity.LoanTakenByConsumer' [SELECT new com.loanlelo.LoanLeLe.DTO.ConsumerDTO.AdminSeeConsumer(c.firstName, c.lastName, c.email, l.id, l.amount, l.status, l.dueDate )FROM Consumer c JOIN c.loanTakenByConsumer l]
	at org.hibernate.query.hql.internal.StandardHqlTranslator.translate(StandardHqlTranslator.java:88)
	at org.hibernate.query.internal.QueryInterpretationCacheStandardImpl.createHqlInterpretation(QueryInterpretationCacheStandardImpl.java:145)
	at org.hibernate.query.internal.QueryInterpretationCacheStandardImpl.resolveHqlInterpretation(QueryInterpretationCacheStandardImpl.java:132)
	at org.hibernate.query.spi.QueryEngine.interpretHql(QueryEngine.java:54)
	at org.hibernate.internal.AbstractSharedSessionContract.interpretHql(AbstractSharedSessionContract.java:832)
Caused by: org.hibernate.query.sqm.PathElementException: Could not resolve attribute 'amount' of 'com.loanlelo.LoanLeLe.Entity.LoanTakenByConsumer'
	at org.hibernate.query.sqm.SqmPathSource.getSubPathSource(SqmPathSource.java:95)
	at org.hibernate.query.sqm.tree.domain.AbstractSqmPath.get(AbstractSqmPath.java:198)
	at org.hibernate.query.sqm.tree.domain.AbstractSqmFrom.resolvePathPart(AbstractSqmFrom.java:198)
	at org.hibernate.query.hql.internal.DomainPathPart.resolvePathPart(DomainPathPart.java:42)
	at org.hibernate.query.hql.internal.BasicDotIdentifierConsumer.consumeIdentifier(BasicDotIdentifierConsumer.java:92)
2025-06-06 16:51:00 ERROR o.s.boot.SpringApplication - Application run failed
org.springframework.beans.factory.UnsatisfiedDependencyException: Error creating bean with name 'securityConfig' defined in file [D:\LoanLeLe\LoanLeLe\target\classes\com\loanlelo\LoanLeLe\Config\SecurityConfig.class]: Unsatisfied dependency expressed through constructor parameter 0: Error creating bean with name 'jwtAuthFilter' defined in file [D:\LoanLeLe\LoanLeLe\target\classes\com\loanlelo\LoanLeLe\Filter\JwtAuthFilter.class]: Unsatisfied dependency expressed through constructor parameter 1: Error creating bean with name 'jwtService': Injection of autowired dependencies failed
	at org.springframework.beans.factory.support.ConstructorResolver.createArgumentArray(ConstructorResolver.java:804)
	at org.springframework.beans.factory.support.ConstructorResolver.autowireConstructor(ConstructorResolver.java:240)
	at org.springframework.beans.factory.support.AbstractAutowireCapableBeanFactory.autowireConstructor(AbstractAutowireCapableBeanFactory.java:1395)
	at org.springframework.beans.factory.support.AbstractAutowireCapableBeanFactory.createBeanInstance(AbstractAutowireCapableBeanFactory.java:1232)
	at org.springframework.beans.factory.support.AbstractAutowireCapableBeanFactory.doCreateBean(AbstractAutowireCapableBeanFactory.java:569)
Caused by: org.springframework.beans.factory.UnsatisfiedDependencyException: Error creating bean with name 'jwtAuthFilter' defined in file [D:\LoanLeLe\LoanLeLe\target\classes\com\loanlelo\LoanLeLe\Filter\JwtAuthFilter.class]: Unsatisfied dependency expressed through constructor parameter 1: Error creating bean with name 'jwtService': Injection of autowired dependencies failed
	at org.springframework.beans.factory.support.ConstructorResolver.createArgumentArray(ConstructorResolver.java:804)
	at org.springframework.beans.factory.support.ConstructorResolver.autowireConstructor(ConstructorResolver.java:240)
	at org.springframework.beans.factory.support.AbstractAutowireCapableBeanFactory.autowireConstructor(AbstractAutowireCapableBeanFactory.java:1395)
	at org.springframework.beans.factory.support.AbstractAutowireCapableBeanFactory.createBeanInstance(AbstractAutowireCapableBeanFactory.java:1232)
	at org.springframework.beans.factory.support.AbstractAutowireCapableBeanFactory.doCreateBean(AbstractAutowireCapableBeanFactory.java:569)
Caused by: org.springframework.beans.factory.BeanCreationException: Error creating bean with name 'jwtService': Injection of autowired dependencies failed
	at org.springframework.beans.factory.annotation.AutowiredAnnotationBeanPostProcessor.postProcessProperties(AutowiredAnnotationBeanPostProcessor.java:515)
	at org.springframework.beans.factory.support.AbstractAutowireCapableBeanFactory.populateBean(AbstractAutowireCapableBeanFactory.java:1459)
	at org.springframework.beans.factory.support.AbstractAutowireCapableBeanFactory.doCreateBean(AbstractAutowireCapableBeanFactory.java:606)
	at org.springframework.beans.factory.support.AbstractAutowireCapableBeanFactory.createBean(AbstractAutowireCapableBeanFactory.java:529)
	at org.springframework.beans.factory.support.AbstractBeanFactory.lambda$doGetBean$0(AbstractBeanFactory.java:339)
Caused by: org.springframework.util.PlaceholderResolutionException: Could not resolve placeholder 'jwt.secret' in value "${jwt.secret}"
	at org.springframework.util.PlaceholderResolutionException.withValue(PlaceholderResolutionException.java:81)
	at org.springframework.util.PlaceholderParser$ParsedValue.resolve(PlaceholderParser.java:423)
	at org.springframework.util.PlaceholderParser.replacePlaceholders(PlaceholderParser.java:128)
	at org.springframework.util.PropertyPlaceholderHelper.parseStringValue(PropertyPlaceholderHelper.java:118)
	at org.springframework.util.PropertyPlaceholderHelper.replacePlaceholders(PropertyPlaceholderHelper.java:114)
